<?xml version="1.0" encoding="UTF-8"?>
<TestRun id="0e1dc908-9228-4823-8818-21bf8afcd49a" name="Administrator@BTS2010LAB01 2014-08-25 17:19:30" runUser="BTS2010LAB01\Administrator" xmlns="http://microsoft.com/schemas/VisualStudio/TeamTest/2010">
  <TestSettings name="Local" id="6bfb00a1-f0ec-4f57-81ab-89ee852f1e49">
    <Description>These are default test settings for a local test run.</Description>
    <Deployment enabled="false" runDeploymentRoot="Administrator_BTS2010LAB01 2014-08-25 17_19_30">
      <DeploymentItem filename="C:\Development\UnitTestingFeatureWithMaps\UnitTestingFeatureWithMaps\bin\Debug\UnitTestingFeatureWithMaps.dll" />
    </Deployment>
    <Execution>
      <TestTypeSpecific />
      <AgentRule name="Execution Agents">
      </AgentRule>
    </Execution>
  </TestSettings>
  <Times creation="2014-08-25T17:19:30.1714921+01:00" queuing="2014-08-25T17:19:31.7339921+01:00" start="2014-08-25T17:19:32.0308671+01:00" finish="2014-08-25T17:19:52.7964921+01:00" />
  <ResultSummary outcome="Failed">
    <Counters total="6" executed="6" passed="5" error="0" failed="1" timeout="0" aborted="0" inconclusive="0" passedButRunAborted="0" notRunnable="0" notExecuted="0" disconnected="0" warning="0" completed="0" inProgress="0" pending="0" />
  </ResultSummary>
  <TestDefinitions>
    <UnitTest name="PersonOriginWithoutZipConstructorTest" storage="c:\development\unittestingfeaturewithmaps\testprojectbiztalk\bin\debug\testprojectbiztalk.dll" id="58f69f0d-a336-3ad0-df89-60146d7c8a36">
      <Execution id="cd02adb3-dd91-43ea-a725-4d8fea93ce40" />
      <TestMethod codeBase="C:/Development/UnitTestingFeatureWithMaps/TestProjectBizTalk/bin/Debug/TestProjectBizTalk.DLL" adapterTypeName="Microsoft.VisualStudio.TestTools.TestTypes.Unit.UnitTestAdapter, Microsoft.VisualStudio.QualityTools.Tips.UnitTest.Adapter, Version=10.0.0.0, Culture=neutral, PublicKeyToken=b03f5f7f11d50a3a" className="TestProjectBizTalk.PersonOriginTest, TestProjectBizTalk, Version=1.0.0.0, Culture=neutral, PublicKeyToken=null" name="PersonOriginWithoutZipConstructorTest" />
    </UnitTest>
    <UnitTest name="PersonOriginWithoutPhoneCallsConstructorTest" storage="c:\development\unittestingfeaturewithmaps\testprojectbiztalk\bin\debug\testprojectbiztalk.dll" id="0a06640d-6419-c70d-d2dd-d6df4bc47402">
      <Execution id="ba22453b-baf8-49af-b4ed-f24959324379" />
      <TestMethod codeBase="C:/Development/UnitTestingFeatureWithMaps/TestProjectBizTalk/bin/Debug/TestProjectBizTalk.DLL" adapterTypeName="Microsoft.VisualStudio.TestTools.TestTypes.Unit.UnitTestAdapter, Microsoft.VisualStudio.QualityTools.Tips.UnitTest.Adapter, Version=10.0.0.0, Culture=neutral, PublicKeyToken=b03f5f7f11d50a3a" className="TestProjectBizTalk.PersonOriginTest, TestProjectBizTalk, Version=1.0.0.0, Culture=neutral, PublicKeyToken=null" name="PersonOriginWithoutPhoneCallsConstructorTest" />
    </UnitTest>
    <UnitTest name="HowMapsWorksWithoutZipMapTest" storage="c:\development\unittestingfeaturewithmaps\testprojectbiztalk\bin\debug\testprojectbiztalk.dll" id="ce35a9da-af57-977f-7c70-efad328f8c17">
      <Execution id="31b79292-1e62-4729-86d3-584c5a7f6a09" />
      <TestMethod codeBase="C:/Development/UnitTestingFeatureWithMaps/TestProjectBizTalk/bin/Debug/TestProjectBizTalk.DLL" adapterTypeName="Microsoft.VisualStudio.TestTools.TestTypes.Unit.UnitTestAdapter, Microsoft.VisualStudio.QualityTools.Tips.UnitTest.Adapter, Version=10.0.0.0, Culture=neutral, PublicKeyToken=b03f5f7f11d50a3a" className="TestProjectBizTalk.HowMapsWorksTest, TestProjectBizTalk, Version=1.0.0.0, Culture=neutral, PublicKeyToken=null" name="HowMapsWorksWithoutZipMapTest" />
    </UnitTest>
    <UnitTest name="HowMapsWorksMapTest" storage="c:\development\unittestingfeaturewithmaps\testprojectbiztalk\bin\debug\testprojectbiztalk.dll" id="1d266a0e-a8ae-7c6e-94d8-01300a7e5f72">
      <Execution id="e3d9b516-7393-4321-aed1-f32c782dc242" />
      <TestMethod codeBase="C:/Development/UnitTestingFeatureWithMaps/TestProjectBizTalk/bin/Debug/TestProjectBizTalk.DLL" adapterTypeName="Microsoft.VisualStudio.TestTools.TestTypes.Unit.UnitTestAdapter, Microsoft.VisualStudio.QualityTools.Tips.UnitTest.Adapter, Version=10.0.0.0, Culture=neutral, PublicKeyToken=b03f5f7f11d50a3a" className="TestProjectBizTalk.HowMapsWorksTest, TestProjectBizTalk, Version=1.0.0.0, Culture=neutral, PublicKeyToken=null" name="HowMapsWorksMapTest" />
    </UnitTest>
    <UnitTest name="HowMapsWorksWithoutPhoneCallsMapTest" storage="c:\development\unittestingfeaturewithmaps\testprojectbiztalk\bin\debug\testprojectbiztalk.dll" id="62d234be-80e6-7985-b716-ce99226c92a3">
      <Execution id="591440f1-9a5a-479c-8003-6e0c7de67b36" />
      <TestMethod codeBase="C:/Development/UnitTestingFeatureWithMaps/TestProjectBizTalk/bin/Debug/TestProjectBizTalk.DLL" adapterTypeName="Microsoft.VisualStudio.TestTools.TestTypes.Unit.UnitTestAdapter, Microsoft.VisualStudio.QualityTools.Tips.UnitTest.Adapter, Version=10.0.0.0, Culture=neutral, PublicKeyToken=b03f5f7f11d50a3a" className="TestProjectBizTalk.HowMapsWorksTest, TestProjectBizTalk, Version=1.0.0.0, Culture=neutral, PublicKeyToken=null" name="HowMapsWorksWithoutPhoneCallsMapTest" />
    </UnitTest>
    <UnitTest name="PersonOriginConstructorTest" storage="c:\development\unittestingfeaturewithmaps\testprojectbiztalk\bin\debug\testprojectbiztalk.dll" id="598dd1fa-7a15-7ad3-60e8-d107b24c75e8">
      <Execution id="f8305eb2-1bdc-4402-8e5d-2e5d82c5731a" />
      <TestMethod codeBase="C:/Development/UnitTestingFeatureWithMaps/TestProjectBizTalk/bin/Debug/TestProjectBizTalk.DLL" adapterTypeName="Microsoft.VisualStudio.TestTools.TestTypes.Unit.UnitTestAdapter, Microsoft.VisualStudio.QualityTools.Tips.UnitTest.Adapter, Version=10.0.0.0, Culture=neutral, PublicKeyToken=b03f5f7f11d50a3a" className="TestProjectBizTalk.PersonOriginTest, TestProjectBizTalk, Version=1.0.0.0, Culture=neutral, PublicKeyToken=null" name="PersonOriginConstructorTest" />
    </UnitTest>
  </TestDefinitions>
  <TestLists>
    <TestList name="Results Not in a List" id="8c84fa94-04c1-424b-9868-57a2d4851a1d" />
    <TestList name="All Loaded Results" id="19431567-8539-422a-85d7-44ee4e166bda" />
  </TestLists>
  <TestEntries>
    <TestEntry testId="598dd1fa-7a15-7ad3-60e8-d107b24c75e8" executionId="f8305eb2-1bdc-4402-8e5d-2e5d82c5731a" testListId="8c84fa94-04c1-424b-9868-57a2d4851a1d" />
    <TestEntry testId="58f69f0d-a336-3ad0-df89-60146d7c8a36" executionId="cd02adb3-dd91-43ea-a725-4d8fea93ce40" testListId="8c84fa94-04c1-424b-9868-57a2d4851a1d" />
    <TestEntry testId="1d266a0e-a8ae-7c6e-94d8-01300a7e5f72" executionId="e3d9b516-7393-4321-aed1-f32c782dc242" testListId="8c84fa94-04c1-424b-9868-57a2d4851a1d" />
    <TestEntry testId="0a06640d-6419-c70d-d2dd-d6df4bc47402" executionId="ba22453b-baf8-49af-b4ed-f24959324379" testListId="8c84fa94-04c1-424b-9868-57a2d4851a1d" />
    <TestEntry testId="62d234be-80e6-7985-b716-ce99226c92a3" executionId="591440f1-9a5a-479c-8003-6e0c7de67b36" testListId="8c84fa94-04c1-424b-9868-57a2d4851a1d" />
    <TestEntry testId="ce35a9da-af57-977f-7c70-efad328f8c17" executionId="31b79292-1e62-4729-86d3-584c5a7f6a09" testListId="8c84fa94-04c1-424b-9868-57a2d4851a1d" />
  </TestEntries>
  <Results>
    <UnitTestResult executionId="f8305eb2-1bdc-4402-8e5d-2e5d82c5731a" testId="598dd1fa-7a15-7ad3-60e8-d107b24c75e8" testName="PersonOriginConstructorTest" computerName="BTS2010LAB01" duration="00:00:00.4236180" startTime="2014-08-25T17:19:32.1558671+01:00" endTime="2014-08-25T17:19:34.1714921+01:00" testType="13cdc9d9-ddb5-4fa4-a97d-d965ccfc6d4b" outcome="Passed" testListId="8c84fa94-04c1-424b-9868-57a2d4851a1d" relativeResultsDirectory="f8305eb2-1bdc-4402-8e5d-2e5d82c5731a">
    </UnitTestResult>
    <UnitTestResult executionId="cd02adb3-dd91-43ea-a725-4d8fea93ce40" testId="58f69f0d-a336-3ad0-df89-60146d7c8a36" testName="PersonOriginWithoutZipConstructorTest" computerName="BTS2010LAB01" duration="00:00:00.0011432" startTime="2014-08-25T17:19:34.2027421+01:00" endTime="2014-08-25T17:19:34.2339921+01:00" testType="13cdc9d9-ddb5-4fa4-a97d-d965ccfc6d4b" outcome="Passed" testListId="8c84fa94-04c1-424b-9868-57a2d4851a1d" relativeResultsDirectory="cd02adb3-dd91-43ea-a725-4d8fea93ce40">
    </UnitTestResult>
    <UnitTestResult executionId="e3d9b516-7393-4321-aed1-f32c782dc242" testId="1d266a0e-a8ae-7c6e-94d8-01300a7e5f72" testName="HowMapsWorksMapTest" computerName="BTS2010LAB01" duration="00:00:01.7125314" startTime="2014-08-25T17:19:34.2808671+01:00" endTime="2014-08-25T17:19:35.9996171+01:00" testType="13cdc9d9-ddb5-4fa4-a97d-d965ccfc6d4b" outcome="Passed" testListId="8c84fa94-04c1-424b-9868-57a2d4851a1d" relativeResultsDirectory="e3d9b516-7393-4321-aed1-f32c782dc242">
    </UnitTestResult>
    <UnitTestResult executionId="ba22453b-baf8-49af-b4ed-f24959324379" testId="0a06640d-6419-c70d-d2dd-d6df4bc47402" testName="PersonOriginWithoutPhoneCallsConstructorTest" computerName="BTS2010LAB01" duration="00:00:00.0011088" startTime="2014-08-25T17:19:35.9996171+01:00" endTime="2014-08-25T17:19:36.0308671+01:00" testType="13cdc9d9-ddb5-4fa4-a97d-d965ccfc6d4b" outcome="Passed" testListId="8c84fa94-04c1-424b-9868-57a2d4851a1d" relativeResultsDirectory="ba22453b-baf8-49af-b4ed-f24959324379">
    </UnitTestResult>
    <UnitTestResult executionId="591440f1-9a5a-479c-8003-6e0c7de67b36" testId="62d234be-80e6-7985-b716-ce99226c92a3" testName="HowMapsWorksWithoutPhoneCallsMapTest" computerName="BTS2010LAB01" duration="00:00:16.2316990" startTime="2014-08-25T17:19:36.1558671+01:00" endTime="2014-08-25T17:19:52.4058671+01:00" testType="13cdc9d9-ddb5-4fa4-a97d-d965ccfc6d4b" outcome="Failed" testListId="8c84fa94-04c1-424b-9868-57a2d4851a1d" relativeResultsDirectory="591440f1-9a5a-479c-8003-6e0c7de67b36">
      <Output>
        <ErrorInfo>
          <Message>Test method TestProjectBizTalk.HowMapsWorksTest.HowMapsWorksWithoutPhoneCallsMapTest threw exception: 
Microsoft.BizTalk.TestTools.BizTalkTestAssertFailException: Mapper Compiler: Map output validation failure</Message>
          <StackTrace>    at Microsoft.BizTalk.TestTools.Mapper.TestableMapBase.TestMap(String inputInstanceFilename, InputInstanceType inputType, String outputInstanceFilename, OutputInstanceType outputType)
   at TestProjectBizTalk.HowMapsWorksTest.HowMapsWorksWithoutPhoneCallsMapTest() in C:\Development\UnitTestingFeatureWithMaps\TestProjectBizTalk\HowMapsWorksTest.cs:line 105
</StackTrace>
        </ErrorInfo>
      </Output>
    </UnitTestResult>
    <UnitTestResult executionId="31b79292-1e62-4729-86d3-584c5a7f6a09" testId="ce35a9da-af57-977f-7c70-efad328f8c17" testName="HowMapsWorksWithoutZipMapTest" computerName="BTS2010LAB01" duration="00:00:00.1263382" startTime="2014-08-25T17:19:52.4214921+01:00" endTime="2014-08-25T17:19:52.5621171+01:00" testType="13cdc9d9-ddb5-4fa4-a97d-d965ccfc6d4b" outcome="Passed" testListId="8c84fa94-04c1-424b-9868-57a2d4851a1d" relativeResultsDirectory="31b79292-1e62-4729-86d3-584c5a7f6a09">
    </UnitTestResult>
  </Results>
</TestRun>