<?xml version="1.0" encoding="UTF-8"?>
<TestRun id="ea158780-515f-4eea-97f9-f6e18cabbca9" name="Administrator@BTS2010LAB01 2014-08-25 17:17:09" runUser="BTS2010LAB01\Administrator" xmlns="http://microsoft.com/schemas/VisualStudio/TeamTest/2010">
  <TestSettings name="Local" id="6bfb00a1-f0ec-4f57-81ab-89ee852f1e49">
    <Description>These are default test settings for a local test run.</Description>
    <Deployment enabled="false" runDeploymentRoot="Administrator_BTS2010LAB01 2014-08-25 17_17_09">
      <DeploymentItem filename="C:\Development\UnitTestingFeatureWithMaps\UnitTestingFeatureWithMaps\bin\Debug\UnitTestingFeatureWithMaps.dll" />
    </Deployment>
    <Execution>
      <TestTypeSpecific />
      <AgentRule name="Execution Agents">
      </AgentRule>
    </Execution>
  </TestSettings>
  <Times creation="2014-08-25T17:17:09.9527421+01:00" queuing="2014-08-25T17:17:11.2496171+01:00" start="2014-08-25T17:17:11.5152421+01:00" finish="2014-08-25T17:17:35.2183671+01:00" />
  <ResultSummary outcome="Completed">
    <Counters total="4" executed="4" passed="4" error="0" failed="0" timeout="0" aborted="0" inconclusive="0" passedButRunAborted="0" notRunnable="0" notExecuted="0" disconnected="0" warning="0" completed="0" inProgress="0" pending="0" />
  </ResultSummary>
  <TestDefinitions>
    <UnitTest name="PersonOriginWithoutZipConstructorTest" storage="c:\development\unittestingfeaturewithmaps\testprojectbiztalk\bin\debug\testprojectbiztalk.dll" id="58f69f0d-a336-3ad0-df89-60146d7c8a36">
      <Execution id="9aca6518-d297-4a79-a857-df22cb2d2248" />
      <TestMethod codeBase="C:/Development/UnitTestingFeatureWithMaps/TestProjectBizTalk/bin/Debug/TestProjectBizTalk.DLL" adapterTypeName="Microsoft.VisualStudio.TestTools.TestTypes.Unit.UnitTestAdapter, Microsoft.VisualStudio.QualityTools.Tips.UnitTest.Adapter, Version=10.0.0.0, Culture=neutral, PublicKeyToken=b03f5f7f11d50a3a" className="TestProjectBizTalk.PersonOriginTest, TestProjectBizTalk, Version=1.0.0.0, Culture=neutral, PublicKeyToken=null" name="PersonOriginWithoutZipConstructorTest" />
    </UnitTest>
    <UnitTest name="HowMapsWorksMapTest" storage="c:\development\unittestingfeaturewithmaps\testprojectbiztalk\bin\debug\testprojectbiztalk.dll" id="1d266a0e-a8ae-7c6e-94d8-01300a7e5f72">
      <Execution id="050d9266-07a1-4840-853b-2b706f0a5fbd" />
      <TestMethod codeBase="C:/Development/UnitTestingFeatureWithMaps/TestProjectBizTalk/bin/Debug/TestProjectBizTalk.DLL" adapterTypeName="Microsoft.VisualStudio.TestTools.TestTypes.Unit.UnitTestAdapter, Microsoft.VisualStudio.QualityTools.Tips.UnitTest.Adapter, Version=10.0.0.0, Culture=neutral, PublicKeyToken=b03f5f7f11d50a3a" className="TestProjectBizTalk.HowMapsWorksTest, TestProjectBizTalk, Version=1.0.0.0, Culture=neutral, PublicKeyToken=null" name="HowMapsWorksMapTest" />
    </UnitTest>
    <UnitTest name="PersonOriginWithoutPhoneCallsConstructorTest" storage="c:\development\unittestingfeaturewithmaps\testprojectbiztalk\bin\debug\testprojectbiztalk.dll" id="0a06640d-6419-c70d-d2dd-d6df4bc47402">
      <Execution id="c4e588a6-3ac2-47d0-9621-76aa4746538e" />
      <TestMethod codeBase="C:/Development/UnitTestingFeatureWithMaps/TestProjectBizTalk/bin/Debug/TestProjectBizTalk.DLL" adapterTypeName="Microsoft.VisualStudio.TestTools.TestTypes.Unit.UnitTestAdapter, Microsoft.VisualStudio.QualityTools.Tips.UnitTest.Adapter, Version=10.0.0.0, Culture=neutral, PublicKeyToken=b03f5f7f11d50a3a" className="TestProjectBizTalk.PersonOriginTest, TestProjectBizTalk, Version=1.0.0.0, Culture=neutral, PublicKeyToken=null" name="PersonOriginWithoutPhoneCallsConstructorTest" />
    </UnitTest>
    <UnitTest name="PersonOriginConstructorTest" storage="c:\development\unittestingfeaturewithmaps\testprojectbiztalk\bin\debug\testprojectbiztalk.dll" id="598dd1fa-7a15-7ad3-60e8-d107b24c75e8">
      <Execution id="97bb2764-ec71-4313-a804-fd913f68924a" />
      <TestMethod codeBase="C:/Development/UnitTestingFeatureWithMaps/TestProjectBizTalk/bin/Debug/TestProjectBizTalk.DLL" adapterTypeName="Microsoft.VisualStudio.TestTools.TestTypes.Unit.UnitTestAdapter, Microsoft.VisualStudio.QualityTools.Tips.UnitTest.Adapter, Version=10.0.0.0, Culture=neutral, PublicKeyToken=b03f5f7f11d50a3a" className="TestProjectBizTalk.PersonOriginTest, TestProjectBizTalk, Version=1.0.0.0, Culture=neutral, PublicKeyToken=null" name="PersonOriginConstructorTest" />
    </UnitTest>
  </TestDefinitions>
  <TestLists>
    <TestList name="Results Not in a List" id="8c84fa94-04c1-424b-9868-57a2d4851a1d" />
    <TestList name="All Loaded Results" id="19431567-8539-422a-85d7-44ee4e166bda" />
  </TestLists>
  <TestEntries>
    <TestEntry testId="598dd1fa-7a15-7ad3-60e8-d107b24c75e8" executionId="97bb2764-ec71-4313-a804-fd913f68924a" testListId="8c84fa94-04c1-424b-9868-57a2d4851a1d" />
    <TestEntry testId="58f69f0d-a336-3ad0-df89-60146d7c8a36" executionId="9aca6518-d297-4a79-a857-df22cb2d2248" testListId="8c84fa94-04c1-424b-9868-57a2d4851a1d" />
    <TestEntry testId="1d266a0e-a8ae-7c6e-94d8-01300a7e5f72" executionId="050d9266-07a1-4840-853b-2b706f0a5fbd" testListId="8c84fa94-04c1-424b-9868-57a2d4851a1d" />
    <TestEntry testId="0a06640d-6419-c70d-d2dd-d6df4bc47402" executionId="c4e588a6-3ac2-47d0-9621-76aa4746538e" testListId="8c84fa94-04c1-424b-9868-57a2d4851a1d" />
  </TestEntries>
  <Results>
    <UnitTestResult executionId="97bb2764-ec71-4313-a804-fd913f68924a" testId="598dd1fa-7a15-7ad3-60e8-d107b24c75e8" testName="PersonOriginConstructorTest" computerName="BTS2010LAB01" duration="00:00:00.3138060" startTime="2014-08-25T17:17:11.6714921+01:00" endTime="2014-08-25T17:17:13.2027421+01:00" testType="13cdc9d9-ddb5-4fa4-a97d-d965ccfc6d4b" outcome="Passed" testListId="8c84fa94-04c1-424b-9868-57a2d4851a1d" relativeResultsDirectory="97bb2764-ec71-4313-a804-fd913f68924a">
    </UnitTestResult>
    <UnitTestResult executionId="9aca6518-d297-4a79-a857-df22cb2d2248" testId="58f69f0d-a336-3ad0-df89-60146d7c8a36" testName="PersonOriginWithoutZipConstructorTest" computerName="BTS2010LAB01" duration="00:00:00.0012293" startTime="2014-08-25T17:17:13.2183671+01:00" endTime="2014-08-25T17:17:13.2339921+01:00" testType="13cdc9d9-ddb5-4fa4-a97d-d965ccfc6d4b" outcome="Passed" testListId="8c84fa94-04c1-424b-9868-57a2d4851a1d" relativeResultsDirectory="9aca6518-d297-4a79-a857-df22cb2d2248">
    </UnitTestResult>
    <UnitTestResult executionId="050d9266-07a1-4840-853b-2b706f0a5fbd" testId="1d266a0e-a8ae-7c6e-94d8-01300a7e5f72" testName="HowMapsWorksMapTest" computerName="BTS2010LAB01" duration="00:00:21.7133580" startTime="2014-08-25T17:17:13.2496171+01:00" endTime="2014-08-25T17:17:34.9683671+01:00" testType="13cdc9d9-ddb5-4fa4-a97d-d965ccfc6d4b" outcome="Passed" testListId="8c84fa94-04c1-424b-9868-57a2d4851a1d" relativeResultsDirectory="050d9266-07a1-4840-853b-2b706f0a5fbd">
    </UnitTestResult>
    <UnitTestResult executionId="c4e588a6-3ac2-47d0-9621-76aa4746538e" testId="0a06640d-6419-c70d-d2dd-d6df4bc47402" testName="PersonOriginWithoutPhoneCallsConstructorTest" computerName="BTS2010LAB01" duration="00:00:00.0009995" startTime="2014-08-25T17:17:34.9839921+01:00" endTime="2014-08-25T17:17:34.9839921+01:00" testType="13cdc9d9-ddb5-4fa4-a97d-d965ccfc6d4b" outcome="Passed" testListId="8c84fa94-04c1-424b-9868-57a2d4851a1d" relativeResultsDirectory="c4e588a6-3ac2-47d0-9621-76aa4746538e">
    </UnitTestResult>
  </Results>
</TestRun>