<?xml version="1.0" encoding="UTF-8"?>
<TestRun id="e2f454b1-18f9-4f73-ad14-f5b4cc17cb51" name="Administrator@BTS2010LAB01 2014-08-25 17:09:17" runUser="BTS2010LAB01\Administrator" xmlns="http://microsoft.com/schemas/VisualStudio/TeamTest/2010">
  <TestSettings name="Local" id="6bfb00a1-f0ec-4f57-81ab-89ee852f1e49">
    <Description>These are default test settings for a local test run.</Description>
    <Deployment enabled="false" runDeploymentRoot="Administrator_BTS2010LAB01 2014-08-25 17_09_17">
      <DeploymentItem filename="C:\Development\UnitTestingFeatureWithMaps\UnitTestingFeatureWithMaps\bin\Debug\UnitTestingFeatureWithMaps.dll" />
    </Deployment>
    <Execution>
      <TestTypeSpecific />
      <AgentRule name="Execution Agents">
      </AgentRule>
    </Execution>
  </TestSettings>
  <Times creation="2014-08-25T17:09:17.5777421+01:00" queuing="2014-08-25T17:09:20.3746171+01:00" start="2014-08-25T17:09:20.6714921+01:00" finish="2014-08-25T17:09:26.1402421+01:00" />
  <ResultSummary outcome="Completed">
    <Counters total="3" executed="3" passed="3" error="0" failed="0" timeout="0" aborted="0" inconclusive="0" passedButRunAborted="0" notRunnable="0" notExecuted="0" disconnected="0" warning="0" completed="0" inProgress="0" pending="0" />
  </ResultSummary>
  <TestDefinitions>
    <UnitTest name="PersonOriginWithoutZipConstructorTest" storage="c:\development\unittestingfeaturewithmaps\testprojectbiztalk\bin\debug\testprojectbiztalk.dll" id="58f69f0d-a336-3ad0-df89-60146d7c8a36">
      <Execution id="71035097-6c67-4b7f-861b-6b0c76f08dde" />
      <TestMethod codeBase="C:/Development/UnitTestingFeatureWithMaps/TestProjectBizTalk/bin/Debug/TestProjectBizTalk.DLL" adapterTypeName="Microsoft.VisualStudio.TestTools.TestTypes.Unit.UnitTestAdapter, Microsoft.VisualStudio.QualityTools.Tips.UnitTest.Adapter, Version=10.0.0.0, Culture=neutral, PublicKeyToken=b03f5f7f11d50a3a" className="TestProjectBizTalk.PersonOriginTest, TestProjectBizTalk, Version=1.0.0.0, Culture=neutral, PublicKeyToken=null" name="PersonOriginWithoutZipConstructorTest" />
    </UnitTest>
    <UnitTest name="PersonOriginPhoneCallsConstructorTest" storage="c:\development\unittestingfeaturewithmaps\testprojectbiztalk\bin\debug\testprojectbiztalk.dll" id="bcc9c910-4fe6-2b5d-204e-709d98f2418d">
      <Execution id="9926379e-bf86-4368-aff7-81836c847ccb" />
      <TestMethod codeBase="C:/Development/UnitTestingFeatureWithMaps/TestProjectBizTalk/bin/Debug/TestProjectBizTalk.DLL" adapterTypeName="Microsoft.VisualStudio.TestTools.TestTypes.Unit.UnitTestAdapter, Microsoft.VisualStudio.QualityTools.Tips.UnitTest.Adapter, Version=10.0.0.0, Culture=neutral, PublicKeyToken=b03f5f7f11d50a3a" className="TestProjectBizTalk.PersonOriginTest, TestProjectBizTalk, Version=1.0.0.0, Culture=neutral, PublicKeyToken=null" name="PersonOriginPhoneCallsConstructorTest" />
    </UnitTest>
    <UnitTest name="PersonOriginConstructorTest" storage="c:\development\unittestingfeaturewithmaps\testprojectbiztalk\bin\debug\testprojectbiztalk.dll" id="598dd1fa-7a15-7ad3-60e8-d107b24c75e8">
      <Execution id="a671a284-f813-46d5-93e0-192f690eea14" />
      <TestMethod codeBase="C:/Development/UnitTestingFeatureWithMaps/TestProjectBizTalk/bin/Debug/TestProjectBizTalk.DLL" adapterTypeName="Microsoft.VisualStudio.TestTools.TestTypes.Unit.UnitTestAdapter, Microsoft.VisualStudio.QualityTools.Tips.UnitTest.Adapter, Version=10.0.0.0, Culture=neutral, PublicKeyToken=b03f5f7f11d50a3a" className="TestProjectBizTalk.PersonOriginTest, TestProjectBizTalk, Version=1.0.0.0, Culture=neutral, PublicKeyToken=null" name="PersonOriginConstructorTest" />
    </UnitTest>
  </TestDefinitions>
  <TestLists>
    <TestList name="Results Not in a List" id="8c84fa94-04c1-424b-9868-57a2d4851a1d" />
    <TestList name="All Loaded Results" id="19431567-8539-422a-85d7-44ee4e166bda" />
  </TestLists>
  <TestEntries>
    <TestEntry testId="598dd1fa-7a15-7ad3-60e8-d107b24c75e8" executionId="a671a284-f813-46d5-93e0-192f690eea14" testListId="8c84fa94-04c1-424b-9868-57a2d4851a1d" />
    <TestEntry testId="bcc9c910-4fe6-2b5d-204e-709d98f2418d" executionId="9926379e-bf86-4368-aff7-81836c847ccb" testListId="8c84fa94-04c1-424b-9868-57a2d4851a1d" />
    <TestEntry testId="58f69f0d-a336-3ad0-df89-60146d7c8a36" executionId="71035097-6c67-4b7f-861b-6b0c76f08dde" testListId="8c84fa94-04c1-424b-9868-57a2d4851a1d" />
  </TestEntries>
  <Results>
    <UnitTestResult executionId="a671a284-f813-46d5-93e0-192f690eea14" testId="598dd1fa-7a15-7ad3-60e8-d107b24c75e8" testName="PersonOriginConstructorTest" computerName="BTS2010LAB01" duration="00:00:02.2076879" startTime="2014-08-25T17:09:20.9058671+01:00" endTime="2014-08-25T17:09:25.8589921+01:00" testType="13cdc9d9-ddb5-4fa4-a97d-d965ccfc6d4b" outcome="Passed" testListId="8c84fa94-04c1-424b-9868-57a2d4851a1d" relativeResultsDirectory="a671a284-f813-46d5-93e0-192f690eea14">
    </UnitTestResult>
    <UnitTestResult executionId="9926379e-bf86-4368-aff7-81836c847ccb" testId="bcc9c910-4fe6-2b5d-204e-709d98f2418d" testName="PersonOriginPhoneCallsConstructorTest" computerName="BTS2010LAB01" duration="00:00:00.0009932" startTime="2014-08-25T17:09:25.8746171+01:00" endTime="2014-08-25T17:09:25.8902421+01:00" testType="13cdc9d9-ddb5-4fa4-a97d-d965ccfc6d4b" outcome="Passed" testListId="8c84fa94-04c1-424b-9868-57a2d4851a1d" relativeResultsDirectory="9926379e-bf86-4368-aff7-81836c847ccb">
    </UnitTestResult>
    <UnitTestResult executionId="71035097-6c67-4b7f-861b-6b0c76f08dde" testId="58f69f0d-a336-3ad0-df89-60146d7c8a36" testName="PersonOriginWithoutZipConstructorTest" computerName="BTS2010LAB01" duration="00:00:00.0023411" startTime="2014-08-25T17:09:25.8902421+01:00" endTime="2014-08-25T17:09:25.9058671+01:00" testType="13cdc9d9-ddb5-4fa4-a97d-d965ccfc6d4b" outcome="Passed" testListId="8c84fa94-04c1-424b-9868-57a2d4851a1d" relativeResultsDirectory="71035097-6c67-4b7f-861b-6b0c76f08dde">
    </UnitTestResult>
  </Results>
</TestRun>